<?xml version="1.0" encoding="UTF-8"?>
<!-- Generated by org.testng.reporters.JUnitReportReporter -->
<testsuite hostname="DESKTOP-GR77U6N" failures="0" tests="2" name="groupsExecution.Groups" time="0.014" errors="0" timestamp="2024-04-14T09:35:10 IST" skipped="0">
  <testcase classname="groupsExecution.Groups" name="verifyUrl" time="0.012"/>
  <system-out>
    <![CDATA[smoke tc]]>
  </system-out>
  <testcase classname="groupsExecution.Groups" name="verifyLogo" time="0.002"/>
  <system-out>
    <![CDATA[smoke tc]]>
  </system-out>
</testsuite> <!-- groupsExecution.Groups -->
