<?xml version="1.0" encoding="UTF-8"?>
<!-- Generated by org.testng.reporters.JUnitReportReporter -->
<testsuite hostname="DESKTOP-GR77U6N" failures="0" tests="2" name="practice.Demo" time="0.014" errors="0" timestamp="2024-04-07T20:35:01 IST" skipped="0">
  <testcase classname="practice.Demo" name="m2" time="0.001"/>
  <system-out>
    <![CDATA[hydrogen]]>
  </system-out>
  <testcase classname="practice.Demo" name="m1" time="0.013"/>
  <system-out>
    <![CDATA[sabyasachi]]>
  </system-out>
</testsuite> <!-- practice.Demo -->
