<?xml version="1.0" encoding="UTF-8"?>
<!-- Generated by org.testng.reporters.JUnitReportReporter -->
<testsuite hostname="DESKTOP-GR77U6N" failures="0" tests="1" name="parallelExecution.Facebook" time="12.758" errors="0" timestamp="2024-04-14T08:51:50 IST" skipped="0">
  <testcase classname="parallelExecution.Facebook" name="openFacebook" time="12.758"/>
  <system-out/>
</testsuite> <!-- parallelExecution.Facebook -->
