<?xml version="1.0" encoding="UTF-8"?>
<!-- Generated by org.testng.reporters.JUnitReportReporter -->
<testsuite hostname="DESKTOP-GR77U6N" failures="0" tests="1" name="dataDrivenFrameworkDDF.NotepadFetching" time="0.012" errors="0" timestamp="2024-04-15T09:00:04 IST" skipped="0">
  <testcase classname="dataDrivenFrameworkDDF.NotepadFetching" name="readDataFromNotepad" time="0.012"/>
  <system-out/>
</testsuite> <!-- dataDrivenFrameworkDDF.NotepadFetching -->
