<?xml version="1.0" encoding="UTF-8"?>
<!-- Generated by org.testng.reporters.JUnitReportReporter -->
<testsuite hostname="DESKTOP-GR77U6N" failures="0" tests="3" name="batchExecution.C" time="0.006" errors="0" timestamp="2024-04-14T08:25:44 IST" skipped="0">
  <testcase classname="batchExecution.C" name="m8" time="0.002"/>
  <system-out>
    <![CDATA[m8 method]]>
  </system-out>
  <testcase classname="batchExecution.C" name="m7" time="0.002"/>
  <system-out>
    <![CDATA[m7 method]]>
  </system-out>
  <testcase classname="batchExecution.C" name="m9" time="0.002"/>
  <system-out>
    <![CDATA[m9 method]]>
  </system-out>
</testsuite> <!-- batchExecution.C -->
