<?xml version="1.0" encoding="UTF-8"?>
<!-- Generated by org.testng.reporters.JUnitReportReporter -->
<testsuite hostname="DESKTOP-GR77U6N" failures="0" tests="5" name="testngKeywords.InvocationCount1" time="0.033" errors="0" timestamp="2024-04-07T20:42:04 IST" skipped="0">
  <testcase classname="testngKeywords.InvocationCount1" name="methoddj" time="0.018"/>
  <system-out>
    <![CDATA[hello guys]]>
  </system-out>
  <testcase classname="testngKeywords.InvocationCount1" name="methoddj" time="0.005"/>
  <system-out>
    <![CDATA[hello guys]]>
  </system-out>
  <testcase classname="testngKeywords.InvocationCount1" name="methoddj" time="0.004"/>
  <system-out>
    <![CDATA[hello guys]]>
  </system-out>
  <testcase classname="testngKeywords.InvocationCount1" name="methoddj" time="0.004"/>
  <system-out>
    <![CDATA[hello guys]]>
  </system-out>
  <testcase classname="testngKeywords.InvocationCount1" name="methoddj" time="0.002"/>
  <system-out>
    <![CDATA[hello guys]]>
  </system-out>
</testsuite> <!-- testngKeywords.InvocationCount1 -->
