<?xml version="1.0" encoding="UTF-8"?>
<!-- Generated by org.testng.reporters.JUnitReportReporter -->
<testsuite hostname="DESKTOP-GR77U6N" failures="0" tests="2" name="testngKeywords.Enabled" time="0.012" errors="0" timestamp="2024-04-07T20:53:49 IST" skipped="1">
  <testcase classname="testngKeywords.Enabled" name="m2" time="0.012"/>
  <system-out>
    <![CDATA[hye ]]>
  </system-out>
  <testcase classname="testngKeywords.Enabled" name="m">
    <skipped/>
  </testcase> <!-- m -->
  <system-out/>
</testsuite> <!-- testngKeywords.Enabled -->
