<?xml version="1.0" encoding="UTF-8"?>
<!-- Generated by org.testng.reporters.JUnitReportReporter -->
<testsuite hostname="DESKTOP-GR77U6N" failures="0" tests="1" name="parallelExecution.Google" time="12.149" errors="0" timestamp="2024-04-14T08:51:50 IST" skipped="0">
  <testcase classname="parallelExecution.Google" name="openGoogle" time="12.149"/>
  <system-out/>
</testsuite> <!-- parallelExecution.Google -->
