<?xml version="1.0" encoding="UTF-8"?>
<!-- Generated by org.testng.reporters.JUnitReportReporter -->
<testsuite hostname="DESKTOP-GR77U6N" failures="0" tests="2" name="testngKeywords.PriorityDemo" time="0.015" errors="0" timestamp="2024-04-13T17:28:09 IST" skipped="0">
  <testcase classname="testngKeywords.PriorityDemo" name="login" time="0.013"/>
  <system-out>
    <![CDATA[login to the app]]>
  </system-out>
  <testcase classname="testngKeywords.PriorityDemo" name="logout" time="0.002"/>
  <system-out>
    <![CDATA[log out now]]>
  </system-out>
</testsuite> <!-- testngKeywords.PriorityDemo -->
