<?xml version="1.0" encoding="UTF-8"?>
<!-- Generated by org.testng.reporters.JUnitReportReporter -->
<testsuite hostname="DESKTOP-GR77U6N" failures="0" tests="3" name="batchExecution.B" time="0.007" errors="0" timestamp="2024-04-14T08:25:44 IST" skipped="0">
  <testcase classname="batchExecution.B" name="m6" time="0.003"/>
  <system-out>
    <![CDATA[m6 method]]>
  </system-out>
  <testcase classname="batchExecution.B" name="m5" time="0.002"/>
  <system-out>
    <![CDATA[m5 method]]>
  </system-out>
  <testcase classname="batchExecution.B" name="m4" time="0.002"/>
  <system-out>
    <![CDATA[m4 method]]>
  </system-out>
</testsuite> <!-- batchExecution.B -->
