<?xml version="1.0" encoding="UTF-8"?>
<!-- Generated by org.testng.reporters.JUnitReportReporter -->
<testsuite hostname="DESKTOP-GR77U6N" failures="0" tests="1" name="testngKeywords.TimeOut" time="0.015" errors="0" timestamp="2024-04-07T20:57:57 IST" skipped="0">
  <testcase classname="testngKeywords.TimeOut" name="j" time="0.015"/>
  <system-out>
    <![CDATA[timeout demo]]>
  </system-out>
</testsuite> <!-- testngKeywords.TimeOut -->
